Arguments: 
  /usr/local/bin/node /usr/local/bin/yarn add core-js -D

PATH: 
  /usr/local/sbin:/usr/local/bin:/usr/local/bin:/usr/bin:/bin:/usr/sbin:/sbin:/usr/local/go/bin

Yarn version: 
  1.22.10

Node version: 
  14.16.0

Platform: 
  darwin x64

Trace: 
  Error: https://registry.yarnpkg.com/@babel%2fpolyfill: ETIMEDOUT
      at Timeout._onTimeout (/usr/local/lib/node_modules/yarn/lib/cli.js:141322:19)
      at listOnTimeout (internal/timers.js:554:17)
      at processTimers (internal/timers.js:497:7)

npm manifest: 
  {
    "name": "webpack_basic_usage",
    "version": "1.0.0",
    "description": "aaa",
    "main": "main.js",
    "scripts": {
      "test": "echo \"Error: no test specified\" && exit 1"
    },
    "author": "",
    "license": "ISC",
    "devDependencies": {
      "@babel/core": "^7.15.8",
      "@babel/preset-env": "^7.15.8",
      "autoprefixer": "^10.3.7",
      "babel-loader": "^8.2.2",
      "css-loader": "^6.4.0",
      "html-webpack-plugin": "^5.3.2",
      "less": "^4.1.2",
      "less-loader": "^10.0.1",
      "mini-css-extract-plugin": "^2.4.2",
      "optimize-css-assets-webpack-plugin": "^6.0.1",
      "postcss": "^8.3.9",
      "postcss-loader": "^6.1.1",
      "postcss-preset-env": "^6.7.0",
      "style-loader": "^3.3.0",
      "webpack": "^5.58.1",
      "webpack-cli": "^4.9.0"
    },
    "browserslist": [
      "last 2 version",
      "> 1%"
    ],
    "dependencies": {
      "@babel/polyfill": "^7.12.1"
    }
  }

yarn manifest: 
  No manifest

Lockfile: 
  No lockfile
